<?xml version="1.0" encoding="UTF-8"?>
<testng-results ignored="0" total="2" passed="2" failed="0" skipped="0">
  <reporter-output>
  </reporter-output>
  <suite started-at="2023-01-28T16:45:06 IST" name="Default suite" finished-at="2023-01-28T16:45:28 IST" duration-ms="22200">
    <groups>
    </groups>
    <test started-at="2023-01-28T16:45:06 IST" name="Default test" finished-at="2023-01-28T16:45:28 IST" duration-ms="22200">
      <class name="test_1">
        <test-method is-config="true" signature="start_browser()[pri:0, instance:test_1@670002]" started-at="2023-01-28T16:45:06 IST" name="start_browser" finished-at="2023-01-28T16:45:13 IST" duration-ms="7136" status="PASS">
          <reporter-output>
          </reporter-output>
        </test-method> <!-- start_browser -->
        <test-method signature="TC_001()[pri:0, instance:test_1@670002]" started-at="2023-01-28T16:45:13 IST" name="TC_001" finished-at="2023-01-28T16:45:14 IST" duration-ms="1395" status="PASS">
          <reporter-output>
          </reporter-output>
        </test-method> <!-- TC_001 -->
        <test-method is-config="true" signature="close_browser()[pri:0, instance:test_1@670002]" started-at="2023-01-28T16:45:14 IST" name="close_browser" finished-at="2023-01-28T16:45:17 IST" duration-ms="3116" status="PASS">
          <reporter-output>
          </reporter-output>
        </test-method> <!-- close_browser -->
        <test-method is-config="true" signature="start_browser()[pri:0, instance:test_1@670002]" started-at="2023-01-28T16:45:17 IST" name="start_browser" finished-at="2023-01-28T16:45:23 IST" duration-ms="6183" status="PASS">
          <reporter-output>
          </reporter-output>
        </test-method> <!-- start_browser -->
        <test-method signature="TC_002()[pri:0, instance:test_1@670002]" started-at="2023-01-28T16:45:23 IST" name="TC_002" finished-at="2023-01-28T16:45:25 IST" duration-ms="1225" status="PASS">
          <reporter-output>
          </reporter-output>
        </test-method> <!-- TC_002 -->
        <test-method is-config="true" signature="close_browser()[pri:0, instance:test_1@670002]" started-at="2023-01-28T16:45:25 IST" name="close_browser" finished-at="2023-01-28T16:45:28 IST" duration-ms="3116" status="PASS">
          <reporter-output>
          </reporter-output>
        </test-method> <!-- close_browser -->
      </class> <!-- test_1 -->
    </test> <!-- Default test -->
  </suite> <!-- Default suite -->
</testng-results>
