<?xml version="1.0" encoding="UTF-8"?>
<testng-results ignored="0" total="2" passed="2" failed="0" skipped="0">
  <reporter-output>
  </reporter-output>
  <suite started-at="2023-01-28T17:26:16 IST" name="Suite" finished-at="2023-01-28T17:26:38 IST" duration-ms="21263">
    <groups>
    </groups>
    <test started-at="2023-01-28T17:26:16 IST" name="Test" finished-at="2023-01-28T17:26:38 IST" duration-ms="21263">
      <class name="com.src.test.test_1">
        <test-method is-config="true" signature="start_browser()[pri:0, instance:com.src.test.test_1@778d1062]" started-at="2023-01-28T17:26:16 IST" name="start_browser" finished-at="2023-01-28T17:26:23 IST" duration-ms="6739" status="PASS">
          <reporter-output>
          </reporter-output>
        </test-method> <!-- start_browser -->
        <test-method signature="TC_001()[pri:0, instance:com.src.test.test_1@778d1062]" started-at="2023-01-28T17:26:23 IST" name="TC_001" finished-at="2023-01-28T17:26:25 IST" duration-ms="1510" status="PASS">
          <reporter-output>
          </reporter-output>
        </test-method> <!-- TC_001 -->
        <test-method is-config="true" signature="close_browser()[pri:0, instance:com.src.test.test_1@778d1062]" started-at="2023-01-28T17:26:25 IST" name="close_browser" finished-at="2023-01-28T17:26:28 IST" duration-ms="3160" status="PASS">
          <reporter-output>
          </reporter-output>
        </test-method> <!-- close_browser -->
        <test-method is-config="true" signature="start_browser()[pri:0, instance:com.src.test.test_1@778d1062]" started-at="2023-01-28T17:26:28 IST" name="start_browser" finished-at="2023-01-28T17:26:33 IST" duration-ms="5293" status="PASS">
          <reporter-output>
          </reporter-output>
        </test-method> <!-- start_browser -->
        <test-method signature="TC_002()[pri:0, instance:com.src.test.test_1@778d1062]" started-at="2023-01-28T17:26:33 IST" name="TC_002" finished-at="2023-01-28T17:26:34 IST" duration-ms="1425" status="PASS">
          <reporter-output>
          </reporter-output>
        </test-method> <!-- TC_002 -->
        <test-method is-config="true" signature="close_browser()[pri:0, instance:com.src.test.test_1@778d1062]" started-at="2023-01-28T17:26:34 IST" name="close_browser" finished-at="2023-01-28T17:26:38 IST" duration-ms="3106" status="PASS">
          <reporter-output>
          </reporter-output>
        </test-method> <!-- close_browser -->
      </class> <!-- com.src.test.test_1 -->
    </test> <!-- Test -->
  </suite> <!-- Suite -->
</testng-results>
